2021-10-15 15:14:46,107 - main.py[line:97] - INFO: Dataset has built.
2021-10-15 15:14:46,176 - dataset.py[line:40] - INFO: Build vocab: words 5921, labels 14.
2021-10-15 15:14:46,177 - main.py[line:99] - INFO: Vocab has built.
2021-10-15 15:14:46,177 - main.py[line:101] - INFO: Creating Model.
2021-10-15 15:14:46,262 - model.py[line:61] - INFO: Load extword embed: words 5969, dims 100.
2021-10-15 15:14:48,496 - model.py[line:184] - INFO: Build model with cnn word encoder, lstm sent encoder.
2021-10-15 15:14:48,496 - model.py[line:187] - INFO: Model param num: 4.27 M.
2021-10-15 15:14:48,497 - main.py[line:103] - INFO: Use cuda: True, gpu id: 0.
2021-10-15 15:18:24,114 - train.py[line:22] - INFO: Total 162000 train docs.
2021-10-15 15:18:47,272 - train.py[line:24] - INFO: Total 18000 dev docs.
2021-10-15 15:19:12,528 - train.py[line:26] - INFO: Total 20000 final test docs.
2021-10-15 15:20:20,357 - train.py[line:29] - INFO: Total 50000 test docs.
2021-10-15 15:20:20,364 - train.py[line:57] - INFO: Start training...
2021-10-15 15:24:20,271 - train.py[line:136] - INFO: | epoch   1 | step  50 | batch  50/633 | lr 0.00020 | loss 2.2877 | s/batch 4.80
2021-10-15 15:28:52,950 - train.py[line:136] - INFO: | epoch   1 | step 100 | batch 100/633 | lr 0.00020 | loss 1.7534 | s/batch 5.45
2021-10-15 15:32:38,481 - train.py[line:136] - INFO: | epoch   1 | step 150 | batch 150/633 | lr 0.00020 | loss 1.2336 | s/batch 4.51
2021-10-15 15:36:26,446 - train.py[line:136] - INFO: | epoch   1 | step 200 | batch 200/633 | lr 0.00020 | loss 1.0009 | s/batch 4.56
2021-10-15 15:40:19,131 - train.py[line:136] - INFO: | epoch   1 | step 250 | batch 250/633 | lr 0.00020 | loss 0.8008 | s/batch 4.65
2021-10-15 15:44:41,716 - train.py[line:136] - INFO: | epoch   1 | step 300 | batch 300/633 | lr 0.00020 | loss 0.7400 | s/batch 5.25
2021-10-15 15:48:34,312 - train.py[line:136] - INFO: | epoch   1 | step 350 | batch 350/633 | lr 0.00020 | loss 0.6278 | s/batch 4.65
2021-10-15 15:52:27,077 - train.py[line:136] - INFO: | epoch   1 | step 400 | batch 400/633 | lr 0.00020 | loss 0.5773 | s/batch 4.66
2021-10-15 15:56:03,642 - train.py[line:136] - INFO: | epoch   1 | step 450 | batch 450/633 | lr 0.00020 | loss 0.5271 | s/batch 4.33
2021-10-15 16:00:20,958 - train.py[line:136] - INFO: | epoch   1 | step 500 | batch 500/633 | lr 0.00020 | loss 0.5104 | s/batch 5.15
2021-10-15 16:04:27,645 - train.py[line:136] - INFO: | epoch   1 | step 550 | batch 550/633 | lr 0.00020 | loss 0.4637 | s/batch 4.93
2021-10-15 16:08:05,623 - train.py[line:136] - INFO: | epoch   1 | step 600 | batch 600/633 | lr 0.00020 | loss 0.4560 | s/batch 4.36
2021-10-15 16:10:28,358 - train.py[line:155] - INFO: | epoch   1 | score (70.78, 52.2, 56.3) | f1 56.3 | loss 0.8913 | time 3007.77
2021-10-15 16:10:28,602 - train.py[line:161] - INFO: 
              precision    recall  f1-score   support

          科技     0.6722    0.8074    0.7336     31524
          股票     0.6894    0.8594    0.7651     29926
          体育     0.8080    0.8989    0.8510     25454
          娱乐     0.7375    0.7565    0.7469     17928
          时政     0.6915    0.6428    0.6662     12163
          社会     0.6678    0.5670    0.6133      9908
          教育     0.8202    0.6575    0.7299      8088
          财经     0.6676    0.2867    0.4011      7161
          家居     0.6312    0.4250    0.5079      6356
          游戏     0.7831    0.4543    0.5750      4761
          房产     0.8093    0.5187    0.6322      3985
          时尚     0.5829    0.1664    0.2589      2536
          彩票     0.7326    0.2563    0.3797      1475
          星座     0.6154    0.0109    0.0214       735

    accuracy                         0.7170    162000
   macro avg     0.7078    0.5220    0.5630    162000
weighted avg     0.7162    0.7170    0.7021    162000

2021-10-15 16:10:28,607 - train.py[line:171] - INFO: Start testing(dev)...
2021-10-15 16:15:51,239 - train.py[line:201] - INFO: | epoch   1 | dev | score (86.83, 80.81, 82.04) | f1 82.04 | time 322.63
2021-10-15 16:15:51,269 - train.py[line:206] - INFO: 
              precision    recall  f1-score   support

          科技     0.9364    0.8915    0.9134      3502
          股票     0.9058    0.9402    0.9227      3325
          体育     0.9492    0.9848    0.9667      2828
          娱乐     0.9021    0.9393    0.9203      1992
          时政     0.8389    0.8712    0.8548      1351
          社会     0.8887    0.7611    0.8200      1101
          教育     0.9118    0.8966    0.9041       899
          财经     0.8058    0.7663    0.7856       796
          家居     0.8049    0.8300    0.8173       706
          游戏     0.8216    0.9055    0.8615       529
          房产     0.9491    0.9255    0.9371       443
          时尚     0.6207    0.7660    0.6857       282
          彩票     0.9167    0.6037    0.7279       164
          星座     0.9048    0.2317    0.3689        82

    accuracy                         0.8969     18000
   macro avg     0.8683    0.8081    0.8204     18000
weighted avg     0.8982    0.8969    0.8956     18000

2021-10-15 16:15:51,279 - train.py[line:65] - INFO: Exceed history dev = 0.00, current dev = 82.04
2021-10-15 16:19:24,505 - train.py[line:136] - INFO: | epoch   2 | step 683 | batch  50/633 | lr 0.00020 | loss 0.4122 | s/batch 4.26
2021-10-15 16:23:07,245 - train.py[line:136] - INFO: | epoch   2 | step 733 | batch 100/633 | lr 0.00020 | loss 0.4005 | s/batch 4.45
2021-10-15 16:27:21,496 - train.py[line:136] - INFO: | epoch   2 | step 783 | batch 150/633 | lr 0.00020 | loss 0.3996 | s/batch 5.09
2021-10-15 16:31:18,970 - train.py[line:136] - INFO: | epoch   2 | step 833 | batch 200/633 | lr 0.00020 | loss 0.4008 | s/batch 4.75
2021-10-15 16:35:24,275 - train.py[line:136] - INFO: | epoch   2 | step 883 | batch 250/633 | lr 0.00020 | loss 0.3789 | s/batch 4.91
2021-10-15 16:39:13,914 - train.py[line:136] - INFO: | epoch   2 | step 933 | batch 300/633 | lr 0.00020 | loss 0.3948 | s/batch 4.59
2021-10-15 16:43:07,045 - train.py[line:136] - INFO: | epoch   2 | step 983 | batch 350/633 | lr 0.00020 | loss 0.3869 | s/batch 4.66
2021-10-15 16:47:11,421 - train.py[line:136] - INFO: | epoch   2 | step 1033 | batch 400/633 | lr 0.00015 | loss 0.3568 | s/batch 4.89
2021-10-15 16:51:02,056 - train.py[line:136] - INFO: | epoch   2 | step 1083 | batch 450/633 | lr 0.00015 | loss 0.3521 | s/batch 4.61
2021-10-15 16:55:12,408 - train.py[line:136] - INFO: | epoch   2 | step 1133 | batch 500/633 | lr 0.00015 | loss 0.3426 | s/batch 5.01
2021-10-15 17:00:14,867 - train.py[line:136] - INFO: | epoch   2 | step 1183 | batch 550/633 | lr 0.00015 | loss 0.3240 | s/batch 6.05
2021-10-15 17:04:40,059 - train.py[line:136] - INFO: | epoch   2 | step 1233 | batch 600/633 | lr 0.00015 | loss 0.3264 | s/batch 5.30
2021-10-15 17:07:29,245 - train.py[line:155] - INFO: | epoch   2 | score (85.19, 79.97, 81.94) | f1 81.94 | loss 0.3700 | time 3097.72
2021-10-15 17:07:29,490 - train.py[line:161] - INFO: 
              precision    recall  f1-score   support

          科技     0.8899    0.8981    0.8940     31524
          股票     0.8956    0.9223    0.9087     29926
          体育     0.9647    0.9726    0.9686     25454
          娱乐     0.9011    0.9140    0.9075     17928
          时政     0.8198    0.8488    0.8340     12163
          社会     0.7959    0.8018    0.7988      9908
          教育     0.9021    0.8902    0.8961      8088
          财经     0.8042    0.6921    0.7439      7161
          家居     0.7866    0.8123    0.7992      6356
          游戏     0.8704    0.8240    0.8466      4761
          房产     0.9244    0.8986    0.9113      3985
          时尚     0.6929    0.6380    0.6643      2536
          彩票     0.8843    0.6997    0.7812      1475
          星座     0.7944    0.3837    0.5174       735

    accuracy                         0.8832    162000
   macro avg     0.8519    0.7997    0.8194    162000
weighted avg     0.8824    0.8832    0.8821    162000

2021-10-15 17:07:29,493 - train.py[line:171] - INFO: Start testing(dev)...
2021-10-15 17:13:29,359 - train.py[line:201] - INFO: | epoch   2 | dev | score (89.52, 87.45, 88.33) | f1 88.33 | time 359.87
2021-10-15 17:13:29,389 - train.py[line:206] - INFO: 
              precision    recall  f1-score   support

          科技     0.9159    0.9360    0.9259      3502
          股票     0.9606    0.9095    0.9343      3325
          体育     0.9654    0.9855    0.9753      2828
          娱乐     0.9224    0.9488    0.9354      1992
          时政     0.8491    0.8786    0.8636      1351
          社会     0.7924    0.8665    0.8278      1101
          教育     0.9648    0.8532    0.9055       899
          财经     0.8214    0.8668    0.8435       796
          家居     0.9140    0.8584    0.8853       706
          游戏     0.9328    0.8658    0.8980       529
          房产     0.9722    0.9458    0.9588       443
          时尚     0.7987    0.8582    0.8274       282
          彩票     0.9172    0.8110    0.8608       164
          星座     0.8060    0.6585    0.7248        82

    accuracy                         0.9161     18000
   macro avg     0.8952    0.8745    0.8833     18000
weighted avg     0.9178    0.9161    0.9163     18000

2021-10-15 17:13:29,390 - train.py[line:65] - INFO: Exceed history dev = 82.04, current dev = 88.33
2021-10-15 17:17:11,210 - train.py[line:136] - INFO: | epoch   3 | step 1316 | batch  50/633 | lr 0.00015 | loss 0.3160 | s/batch 4.44
2021-10-15 17:21:05,276 - train.py[line:136] - INFO: | epoch   3 | step 1366 | batch 100/633 | lr 0.00015 | loss 0.3305 | s/batch 4.68
2021-10-15 17:26:15,163 - train.py[line:136] - INFO: | epoch   3 | step 1416 | batch 150/633 | lr 0.00015 | loss 0.3277 | s/batch 6.20
2021-10-15 17:29:48,656 - train.py[line:136] - INFO: | epoch   3 | step 1466 | batch 200/633 | lr 0.00015 | loss 0.3018 | s/batch 4.27
2021-10-15 17:34:08,088 - train.py[line:136] - INFO: | epoch   3 | step 1516 | batch 250/633 | lr 0.00015 | loss 0.3119 | s/batch 5.19
2021-10-15 17:38:00,647 - train.py[line:136] - INFO: | epoch   3 | step 1566 | batch 300/633 | lr 0.00015 | loss 0.2953 | s/batch 4.65
2021-10-15 17:42:33,065 - train.py[line:136] - INFO: | epoch   3 | step 1616 | batch 350/633 | lr 0.00015 | loss 0.3105 | s/batch 5.45
2021-10-15 17:45:40,891 - train.py[line:136] - INFO: | epoch   3 | step 1666 | batch 400/633 | lr 0.00015 | loss 0.2928 | s/batch 3.76
2021-10-15 17:49:59,844 - train.py[line:136] - INFO: | epoch   3 | step 1716 | batch 450/633 | lr 0.00015 | loss 0.3010 | s/batch 5.18
2021-10-15 17:54:40,485 - train.py[line:136] - INFO: | epoch   3 | step 1766 | batch 500/633 | lr 0.00015 | loss 0.3098 | s/batch 5.61
2021-10-15 17:59:27,797 - train.py[line:136] - INFO: | epoch   3 | step 1816 | batch 550/633 | lr 0.00015 | loss 0.2885 | s/batch 5.75
2021-10-15 18:04:08,361 - train.py[line:136] - INFO: | epoch   3 | step 1866 | batch 600/633 | lr 0.00015 | loss 0.2793 | s/batch 5.61
2021-10-15 18:07:18,347 - train.py[line:155] - INFO: | epoch   3 | score (88.11, 85.56, 86.74) | f1 86.74 | loss 0.3061 | time 3228.75
2021-10-15 18:07:18,612 - train.py[line:161] - INFO: 
              precision    recall  f1-score   support

          科技     0.9075    0.9117    0.9096     31524
          股票     0.9119    0.9316    0.9216     29926
          体育     0.9728    0.9772    0.9750     25454
          娱乐     0.9168    0.9264    0.9216     17928
          时政     0.8416    0.8665    0.8538     12163
          社会     0.8252    0.8231    0.8241      9908
          教育     0.9114    0.8987    0.9050      8088
          财经     0.8388    0.7559    0.7952      7161
          家居     0.8451    0.8548    0.8499      6356
          游戏     0.8878    0.8479    0.8674      4761
          房产     0.9499    0.9325    0.9411      3985
          时尚     0.7962    0.7658    0.7807      2536
          彩票     0.9134    0.8014    0.8537      1475
          星座     0.8166    0.6844    0.7446       735

    accuracy                         0.9030    162000
   macro avg     0.8811    0.8556    0.8674    162000
weighted avg     0.9027    0.9030    0.9026    162000

2021-10-15 18:07:18,615 - train.py[line:171] - INFO: Start testing(dev)...
2021-10-15 18:13:12,073 - train.py[line:201] - INFO: | epoch   3 | dev | score (91.69, 90.13, 90.79) | f1 90.79 | time 353.46
2021-10-15 18:13:12,105 - train.py[line:206] - INFO: 
              precision    recall  f1-score   support

          科技     0.9280    0.9352    0.9316      3502
          股票     0.9262    0.9552    0.9405      3325
          体育     0.9772    0.9855    0.9813      2828
          娱乐     0.9240    0.9583    0.9409      1992
          时政     0.8758    0.8927    0.8842      1351
          社会     0.8510    0.8510    0.8510      1101
          教育     0.9514    0.8921    0.9208       899
          财经     0.9360    0.7538    0.8351       796
          家居     0.9301    0.8669    0.8974       706
          游戏     0.8926    0.9112    0.9018       529
          房产     0.9907    0.9616    0.9759       443
          时尚     0.8567    0.9113    0.8832       282
          彩票     0.9595    0.8659    0.9103       164
          星座     0.8372    0.8780    0.8571        82

    accuracy                         0.9268     18000
   macro avg     0.9169    0.9013    0.9079     18000
weighted avg     0.9272    0.9268    0.9264     18000

2021-10-15 18:13:12,106 - train.py[line:65] - INFO: Exceed history dev = 88.33, current dev = 90.79
2021-10-15 18:17:45,500 - train.py[line:136] - INFO: | epoch   4 | step 1949 | batch  50/633 | lr 0.00015 | loss 0.2806 | s/batch 5.47
2021-10-15 18:22:15,191 - train.py[line:136] - INFO: | epoch   4 | step 1999 | batch 100/633 | lr 0.00015 | loss 0.2792 | s/batch 5.39
2021-10-15 18:26:38,922 - train.py[line:136] - INFO: | epoch   4 | step 2049 | batch 150/633 | lr 0.00011 | loss 0.2915 | s/batch 5.27
2021-10-15 18:29:59,439 - train.py[line:136] - INFO: | epoch   4 | step 2099 | batch 200/633 | lr 0.00011 | loss 0.2639 | s/batch 4.01
2021-10-15 18:34:19,043 - train.py[line:136] - INFO: | epoch   4 | step 2149 | batch 250/633 | lr 0.00011 | loss 0.2613 | s/batch 5.19
2021-10-15 18:39:06,621 - train.py[line:136] - INFO: | epoch   4 | step 2199 | batch 300/633 | lr 0.00011 | loss 0.2772 | s/batch 5.75
2021-10-15 18:43:11,369 - train.py[line:136] - INFO: | epoch   4 | step 2249 | batch 350/633 | lr 0.00011 | loss 0.2679 | s/batch 4.89
2021-10-15 18:47:05,558 - train.py[line:136] - INFO: | epoch   4 | step 2299 | batch 400/633 | lr 0.00011 | loss 0.2695 | s/batch 4.68
2021-10-15 18:51:35,954 - train.py[line:136] - INFO: | epoch   4 | step 2349 | batch 450/633 | lr 0.00011 | loss 0.2786 | s/batch 5.41
2021-10-15 18:55:26,524 - train.py[line:136] - INFO: | epoch   4 | step 2399 | batch 500/633 | lr 0.00011 | loss 0.2775 | s/batch 4.61
2021-10-15 18:59:42,190 - train.py[line:136] - INFO: | epoch   4 | step 2449 | batch 550/633 | lr 0.00011 | loss 0.2724 | s/batch 5.11
2021-10-15 19:03:30,886 - train.py[line:136] - INFO: | epoch   4 | step 2499 | batch 600/633 | lr 0.00011 | loss 0.2724 | s/batch 4.57
2021-10-15 19:06:08,029 - train.py[line:155] - INFO: | epoch   4 | score (89.68, 87.81, 88.7) | f1 88.7 | loss 0.2733 | time 3175.69
2021-10-15 19:06:08,294 - train.py[line:161] - INFO: 
              precision    recall  f1-score   support

          科技     0.9134    0.9179    0.9157     31524
          股票     0.9210    0.9355    0.9282     29926
          体育     0.9766    0.9800    0.9783     25454
          娱乐     0.9269    0.9362    0.9315     17928
          时政     0.8527    0.8794    0.8658     12163
          社会     0.8378    0.8372    0.8375      9908
          教育     0.9235    0.9106    0.9170      8088
          财经     0.8506    0.7794    0.8134      7161
          家居     0.8729    0.8685    0.8707      6356
          游戏     0.8956    0.8595    0.8772      4761
          房产     0.9630    0.9458    0.9543      3985
          时尚     0.8423    0.8194    0.8307      2536
          彩票     0.9272    0.8468    0.8852      1475
          星座     0.8510    0.7769    0.8122       735

    accuracy                         0.9128    162000
   macro avg     0.8968    0.8781    0.8870    162000
weighted avg     0.9126    0.9128    0.9126    162000

2021-10-15 19:06:08,314 - train.py[line:171] - INFO: Start testing(dev)...
2021-10-15 19:12:00,338 - train.py[line:201] - INFO: | epoch   4 | dev | score (92.6, 91.56, 92.03) | f1 92.03 | time 352.02
2021-10-15 19:12:00,368 - train.py[line:206] - INFO: 
              precision    recall  f1-score   support

          科技     0.9425    0.9320    0.9373      3502
          股票     0.9495    0.9453    0.9474      3325
          体育     0.9834    0.9820    0.9827      2828
          娱乐     0.9308    0.9588    0.9446      1992
          时政     0.8448    0.9104    0.8764      1351
          社会     0.8423    0.8683    0.8551      1101
          教育     0.9556    0.8854    0.9192       899
          财经     0.9028    0.8518    0.8765       796
          家居     0.9154    0.9037    0.9095       706
          游戏     0.9056    0.9244    0.9149       529
          房产     0.9885    0.9729    0.9807       443
          时尚     0.9194    0.8901    0.9045       282
          彩票     0.9796    0.8780    0.9260       164
          星座     0.9036    0.9146    0.9091        82

    accuracy                         0.9323     18000
   macro avg     0.9260    0.9156    0.9203     18000
weighted avg     0.9331    0.9323    0.9325     18000

2021-10-15 19:12:00,369 - train.py[line:65] - INFO: Exceed history dev = 90.79, current dev = 92.03
2021-10-15 19:16:47,488 - train.py[line:136] - INFO: | epoch   5 | step 2582 | batch  50/633 | lr 0.00011 | loss 0.2707 | s/batch 5.74
2021-10-15 19:20:44,000 - train.py[line:136] - INFO: | epoch   5 | step 2632 | batch 100/633 | lr 0.00011 | loss 0.2440 | s/batch 4.73
2021-10-15 19:24:32,963 - train.py[line:136] - INFO: | epoch   5 | step 2682 | batch 150/633 | lr 0.00011 | loss 0.2733 | s/batch 4.58
2021-10-15 19:28:56,216 - train.py[line:136] - INFO: | epoch   5 | step 2732 | batch 200/633 | lr 0.00011 | loss 0.2425 | s/batch 5.27
2021-10-15 19:33:07,956 - train.py[line:136] - INFO: | epoch   5 | step 2782 | batch 250/633 | lr 0.00011 | loss 0.2643 | s/batch 5.03
2021-10-15 19:37:09,710 - train.py[line:136] - INFO: | epoch   5 | step 2832 | batch 300/633 | lr 0.00011 | loss 0.2549 | s/batch 4.84
2021-10-15 19:40:55,984 - train.py[line:136] - INFO: | epoch   5 | step 2882 | batch 350/633 | lr 0.00011 | loss 0.2702 | s/batch 4.53
2021-10-15 19:44:50,819 - train.py[line:136] - INFO: | epoch   5 | step 2932 | batch 400/633 | lr 0.00011 | loss 0.2504 | s/batch 4.70
2021-10-15 19:48:44,546 - train.py[line:136] - INFO: | epoch   5 | step 2982 | batch 450/633 | lr 0.00011 | loss 0.2350 | s/batch 4.67
2021-10-15 19:53:38,230 - train.py[line:136] - INFO: | epoch   5 | step 3032 | batch 500/633 | lr 0.00008 | loss 0.2653 | s/batch 5.87
2021-10-15 19:57:44,203 - train.py[line:136] - INFO: | epoch   5 | step 3082 | batch 550/633 | lr 0.00008 | loss 0.2343 | s/batch 4.92
2021-10-15 20:01:51,922 - train.py[line:136] - INFO: | epoch   5 | step 3132 | batch 600/633 | lr 0.00008 | loss 0.2504 | s/batch 4.95
2021-10-15 20:04:57,612 - train.py[line:155] - INFO: | epoch   5 | score (90.48, 89.06, 89.75) | f1 89.75 | loss 0.2543 | time 3177.01
2021-10-15 20:04:57,864 - train.py[line:161] - INFO: 
              precision    recall  f1-score   support

          科技     0.9206    0.9214    0.9210     31524
          股票     0.9264    0.9376    0.9320     29926
          体育     0.9785    0.9805    0.9795     25454
          娱乐     0.9300    0.9405    0.9352     17928
          时政     0.8606    0.8862    0.8732     12163
          社会     0.8484    0.8456    0.8470      9908
          教育     0.9274    0.9170    0.9222      8088
          财经     0.8553    0.7942    0.8236      7161
          家居     0.8804    0.8839    0.8822      6356
          游戏     0.8988    0.8765    0.8875      4761
          房产     0.9719    0.9558    0.9638      3985
          时尚     0.8653    0.8435    0.8542      2536
          彩票     0.9261    0.8576    0.8905      1475
          星座     0.8775    0.8286    0.8523       735

    accuracy                         0.9185    162000
   macro avg     0.9048    0.8906    0.8975    162000
weighted avg     0.9184    0.9185    0.9184    162000

2021-10-15 20:04:57,866 - train.py[line:171] - INFO: Start testing(dev)...
2021-10-15 20:10:50,067 - train.py[line:201] - INFO: | epoch   5 | dev | score (92.56, 92.63, 92.56) | f1 92.56 | time 352.20
2021-10-15 20:10:50,097 - train.py[line:206] - INFO: 
              precision    recall  f1-score   support

          科技     0.9453    0.9335    0.9394      3502
          股票     0.9559    0.9456    0.9507      3325
          体育     0.9820    0.9844    0.9832      2828
          娱乐     0.9259    0.9664    0.9457      1992
          时政     0.8669    0.9112    0.8885      1351
          社会     0.8859    0.8392    0.8619      1101
          教育     0.9336    0.9221    0.9278       899
          财经     0.8698    0.8982    0.8838       796
          家居     0.9413    0.8853    0.9124       706
          游戏     0.9247    0.9055    0.9150       529
          房产     0.9887    0.9865    0.9876       443
          时尚     0.8889    0.9362    0.9119       282
          彩票     0.9441    0.9268    0.9354       164
          星座     0.9048    0.9268    0.9157        82

    accuracy                         0.9363     18000
   macro avg     0.9256    0.9263    0.9256     18000
weighted avg     0.9367    0.9363    0.9363     18000

2021-10-15 20:10:50,098 - train.py[line:65] - INFO: Exceed history dev = 92.03, current dev = 92.56
2021-10-15 20:15:32,637 - train.py[line:136] - INFO: | epoch   6 | step 3215 | batch  50/633 | lr 0.00008 | loss 0.2386 | s/batch 5.65
2021-10-15 20:19:09,285 - train.py[line:136] - INFO: | epoch   6 | step 3265 | batch 100/633 | lr 0.00008 | loss 0.2474 | s/batch 4.33
2021-10-15 20:23:49,190 - train.py[line:136] - INFO: | epoch   6 | step 3315 | batch 150/633 | lr 0.00008 | loss 0.2418 | s/batch 5.60
2021-10-15 20:27:28,306 - train.py[line:136] - INFO: | epoch   6 | step 3365 | batch 200/633 | lr 0.00008 | loss 0.2555 | s/batch 4.38
2021-10-15 20:31:53,541 - train.py[line:136] - INFO: | epoch   6 | step 3415 | batch 250/633 | lr 0.00008 | loss 0.2415 | s/batch 5.30
2021-10-15 20:36:44,669 - train.py[line:136] - INFO: | epoch   6 | step 3465 | batch 300/633 | lr 0.00008 | loss 0.2389 | s/batch 5.82
2021-10-15 20:41:34,175 - train.py[line:136] - INFO: | epoch   6 | step 3515 | batch 350/633 | lr 0.00008 | loss 0.2396 | s/batch 5.79
2021-10-15 20:45:04,274 - train.py[line:136] - INFO: | epoch   6 | step 3565 | batch 400/633 | lr 0.00008 | loss 0.2373 | s/batch 4.20
2021-10-15 20:50:28,291 - train.py[line:136] - INFO: | epoch   6 | step 3615 | batch 450/633 | lr 0.00008 | loss 0.2544 | s/batch 6.48
2021-10-15 20:54:19,645 - train.py[line:136] - INFO: | epoch   6 | step 3665 | batch 500/633 | lr 0.00008 | loss 0.2274 | s/batch 4.63
2021-10-15 20:58:47,699 - train.py[line:136] - INFO: | epoch   6 | step 3715 | batch 550/633 | lr 0.00008 | loss 0.2456 | s/batch 5.36
2021-10-15 21:02:09,574 - train.py[line:136] - INFO: | epoch   6 | step 3765 | batch 600/633 | lr 0.00008 | loss 0.2273 | s/batch 4.04
2021-10-15 21:04:51,034 - train.py[line:155] - INFO: | epoch   6 | score (90.98, 89.67, 90.3) | f1 90.3 | loss 0.2413 | time 3240.69
2021-10-15 21:04:51,348 - train.py[line:161] - INFO: 
              precision    recall  f1-score   support

          科技     0.9235    0.9253    0.9244     31524
          股票     0.9307    0.9423    0.9365     29926
          体育     0.9816    0.9826    0.9821     25454
          娱乐     0.9324    0.9419    0.9371     17928
          时政     0.8681    0.8911    0.8794     12163
          社会     0.8510    0.8520    0.8515      9908
          教育     0.9286    0.9196    0.9241      8088
          财经     0.8619    0.8020    0.8309      7161
          家居     0.8906    0.8889    0.8898      6356
          游戏     0.9057    0.8778    0.8915      4761
          房产     0.9756    0.9616    0.9685      3985
          时尚     0.8661    0.8442    0.8550      2536
          彩票     0.9318    0.8793    0.9048      1475
          星座     0.8897    0.8449    0.8667       735

    accuracy                         0.9225    162000
   macro avg     0.9098    0.8967    0.9030    162000
weighted avg     0.9224    0.9225    0.9224    162000

2021-10-15 21:04:51,350 - train.py[line:171] - INFO: Start testing(dev)...
2021-10-15 21:11:01,116 - train.py[line:201] - INFO: | epoch   6 | dev | score (92.25, 92.57, 92.32) | f1 92.32 | time 369.77
2021-10-15 21:11:01,149 - train.py[line:206] - INFO: 
              precision    recall  f1-score   support

          科技     0.9458    0.9366    0.9412      3502
          股票     0.9445    0.9564    0.9504      3325
          体育     0.9773    0.9880    0.9826      2828
          娱乐     0.9545    0.9583    0.9564      1992
          时政     0.8483    0.9275    0.8861      1351
          社会     0.9034    0.8329    0.8667      1101
          教育     0.9327    0.9255    0.9291       899
          财经     0.9238    0.8379    0.8788       796
          家居     0.9525    0.8796    0.9146       706
          游戏     0.9117    0.9168    0.9142       529
          房产     0.9909    0.9842    0.9875       443
          时尚     0.8452    0.9681    0.9025       282
          彩票     0.9217    0.9329    0.9273       164
          星座     0.8621    0.9146    0.8876        82

    accuracy                         0.9375     18000
   macro avg     0.9225    0.9257    0.9232     18000
weighted avg     0.9381    0.9375    0.9374     18000

2021-10-15 21:15:20,663 - train.py[line:136] - INFO: | epoch   7 | step 3848 | batch  50/633 | lr 0.00008 | loss 0.2398 | s/batch 5.19
2021-10-15 21:19:50,302 - train.py[line:136] - INFO: | epoch   7 | step 3898 | batch 100/633 | lr 0.00008 | loss 0.2260 | s/batch 5.39
2021-10-15 21:24:28,838 - train.py[line:136] - INFO: | epoch   7 | step 3948 | batch 150/633 | lr 0.00008 | loss 0.2424 | s/batch 5.57
2021-10-15 21:29:32,909 - train.py[line:136] - INFO: | epoch   7 | step 3998 | batch 200/633 | lr 0.00008 | loss 0.2303 | s/batch 6.08
2021-10-15 21:33:16,425 - train.py[line:136] - INFO: | epoch   7 | step 4048 | batch 250/633 | lr 0.00006 | loss 0.2314 | s/batch 4.47
2021-10-15 21:37:26,308 - train.py[line:136] - INFO: | epoch   7 | step 4098 | batch 300/633 | lr 0.00006 | loss 0.2316 | s/batch 5.00
2021-10-15 21:41:18,197 - train.py[line:136] - INFO: | epoch   7 | step 4148 | batch 350/633 | lr 0.00006 | loss 0.2293 | s/batch 4.64
2021-10-15 21:45:39,682 - train.py[line:136] - INFO: | epoch   7 | step 4198 | batch 400/633 | lr 0.00006 | loss 0.2316 | s/batch 5.23
2021-10-15 21:49:26,962 - train.py[line:136] - INFO: | epoch   7 | step 4248 | batch 450/633 | lr 0.00006 | loss 0.2143 | s/batch 4.55
2021-10-15 21:54:03,591 - train.py[line:136] - INFO: | epoch   7 | step 4298 | batch 500/633 | lr 0.00006 | loss 0.2291 | s/batch 5.53
2021-10-15 21:57:51,974 - train.py[line:136] - INFO: | epoch   7 | step 4348 | batch 550/633 | lr 0.00006 | loss 0.2370 | s/batch 4.57
2021-10-15 22:02:20,683 - train.py[line:136] - INFO: | epoch   7 | step 4398 | batch 600/633 | lr 0.00006 | loss 0.2432 | s/batch 5.37
2021-10-15 22:05:02,553 - train.py[line:155] - INFO: | epoch   7 | score (91.53, 90.35, 90.92) | f1 90.92 | loss 0.2327 | time 3241.21
2021-10-15 22:05:02,805 - train.py[line:161] - INFO: 
              precision    recall  f1-score   support

          科技     0.9241    0.9280    0.9261     31524
          股票     0.9334    0.9422    0.9378     29926
          体育     0.9809    0.9820    0.9815     25454
          娱乐     0.9371    0.9471    0.9421     17928
          时政     0.8703    0.8911    0.8806     12163
          社会     0.8572    0.8529    0.8551      9908
          教育     0.9307    0.9254    0.9281      8088
          财经     0.8674    0.8094    0.8374      7161
          家居     0.8956    0.8951    0.8953      6356
          游戏     0.9101    0.8828    0.8963      4761
          房产     0.9779    0.9646    0.9712      3985
          时尚     0.8803    0.8616    0.8709      2536
          彩票     0.9396    0.8963    0.9174      1475
          星座     0.9091    0.8707    0.8895       735

    accuracy                         0.9252    162000
   macro avg     0.9153    0.9035    0.9092    162000
weighted avg     0.9251    0.9252    0.9251    162000

2021-10-15 22:05:02,810 - train.py[line:171] - INFO: Start testing(dev)...
2021-10-15 22:11:07,634 - train.py[line:201] - INFO: | epoch   7 | dev | score (93.09, 92.55, 92.8) | f1 92.8 | time 364.82
2021-10-15 22:11:07,671 - train.py[line:206] - INFO: 
              precision    recall  f1-score   support

          科技     0.9520    0.9292    0.9405      3502
          股票     0.9352    0.9630    0.9489      3325
          体育     0.9814    0.9869    0.9841      2828
          娱乐     0.9406    0.9618    0.9511      1992
          时政     0.8763    0.9023    0.8891      1351
          社会     0.8578    0.8765    0.8670      1101
          教育     0.9584    0.8966    0.9264       899
          财经     0.8987    0.8693    0.8838       796
          家居     0.9504    0.8952    0.9220       706
          游戏     0.9357    0.9074    0.9213       529
          房产     0.9887    0.9865    0.9876       443
          时尚     0.9258    0.9291    0.9274       282
          彩票     0.9383    0.9268    0.9325       164
          星座     0.8941    0.9268    0.9102        82

    accuracy                         0.9380     18000
   macro avg     0.9309    0.9255    0.9280     18000
weighted avg     0.9383    0.9380    0.9380     18000

2021-10-15 22:11:07,674 - train.py[line:65] - INFO: Exceed history dev = 92.56, current dev = 92.80
2021-10-15 22:15:56,221 - train.py[line:136] - INFO: | epoch   8 | step 4481 | batch  50/633 | lr 0.00006 | loss 0.2353 | s/batch 5.77
2021-10-15 22:19:55,281 - train.py[line:136] - INFO: | epoch   8 | step 4531 | batch 100/633 | lr 0.00006 | loss 0.2177 | s/batch 4.78
2021-10-15 22:23:58,739 - train.py[line:136] - INFO: | epoch   8 | step 4581 | batch 150/633 | lr 0.00006 | loss 0.2119 | s/batch 4.87
2021-10-15 22:27:50,658 - train.py[line:136] - INFO: | epoch   8 | step 4631 | batch 200/633 | lr 0.00006 | loss 0.2142 | s/batch 4.64
2021-10-15 22:32:35,742 - train.py[line:136] - INFO: | epoch   8 | step 4681 | batch 250/633 | lr 0.00006 | loss 0.2264 | s/batch 5.70
2021-10-15 22:37:18,886 - train.py[line:136] - INFO: | epoch   8 | step 4731 | batch 300/633 | lr 0.00006 | loss 0.2128 | s/batch 5.66
2021-10-15 22:42:09,288 - train.py[line:136] - INFO: | epoch   8 | step 4781 | batch 350/633 | lr 0.00006 | loss 0.2305 | s/batch 5.81
2021-10-15 22:46:26,248 - train.py[line:136] - INFO: | epoch   8 | step 4831 | batch 400/633 | lr 0.00006 | loss 0.2444 | s/batch 5.14
2021-10-15 22:50:57,777 - train.py[line:136] - INFO: | epoch   8 | step 4881 | batch 450/633 | lr 0.00006 | loss 0.2239 | s/batch 5.43
2021-10-15 22:55:03,226 - train.py[line:136] - INFO: | epoch   8 | step 4931 | batch 500/633 | lr 0.00006 | loss 0.2247 | s/batch 4.91
2021-10-15 22:58:43,655 - train.py[line:136] - INFO: | epoch   8 | step 4981 | batch 550/633 | lr 0.00006 | loss 0.2285 | s/batch 4.41
2021-10-15 23:02:42,520 - train.py[line:136] - INFO: | epoch   8 | step 5031 | batch 600/633 | lr 0.00005 | loss 0.2284 | s/batch 4.78
2021-10-15 23:05:00,572 - train.py[line:155] - INFO: | epoch   8 | score (91.57, 90.58, 91.06) | f1 91.06 | loss 0.2250 | time 3232.60
2021-10-15 23:05:00,836 - train.py[line:161] - INFO: 
              precision    recall  f1-score   support

          科技     0.9277    0.9295    0.9286     31524
          股票     0.9345    0.9444    0.9394     29926
          体育     0.9826    0.9831    0.9828     25454
          娱乐     0.9374    0.9484    0.9429     17928
          时政     0.8694    0.8942    0.8816     12163
          社会     0.8642    0.8595    0.8619      9908
          教育     0.9323    0.9217    0.9270      8088
          财经     0.8735    0.8165    0.8440      7161
          家居     0.9010    0.8980    0.8995      6356
          游戏     0.9117    0.8843    0.8978      4761
          房产     0.9789    0.9684    0.9736      3985
          时尚     0.8865    0.8687    0.8775      2536
          彩票     0.9304    0.8888    0.9092      1475
          星座     0.8895    0.8762    0.8828       735

    accuracy                         0.9273    162000
   macro avg     0.9157    0.9058    0.9106    162000
weighted avg     0.9272    0.9273    0.9271    162000

2021-10-15 23:05:00,840 - train.py[line:171] - INFO: Start testing(dev)...
2021-10-15 23:10:55,535 - train.py[line:201] - INFO: | epoch   8 | dev | score (93.4, 92.93, 93.15) | f1 93.15 | time 354.70
2021-10-15 23:10:55,566 - train.py[line:206] - INFO: 
              precision    recall  f1-score   support

          科技     0.9449    0.9397    0.9423      3502
          股票     0.9514    0.9537    0.9525      3325
          体育     0.9834    0.9862    0.9848      2828
          娱乐     0.9407    0.9634    0.9519      1992
          时政     0.8642    0.9090    0.8860      1351
          社会     0.8792    0.8592    0.8691      1101
          教育     0.9502    0.9121    0.9308       899
          财经     0.9051    0.8869    0.8959       796
          家居     0.9381    0.9023    0.9199       706
          游戏     0.9409    0.9036    0.9219       529
          房产     0.9843    0.9910    0.9876       443
          时尚     0.9048    0.9433    0.9236       282
          彩票     0.9623    0.9329    0.9474       164
          星座     0.9268    0.9268    0.9268        82

    accuracy                         0.9399     18000
   macro avg     0.9340    0.9293    0.9315     18000
weighted avg     0.9401    0.9399    0.9399     18000

2021-10-15 23:10:55,566 - train.py[line:65] - INFO: Exceed history dev = 92.80, current dev = 93.15
2021-10-15 23:15:13,495 - train.py[line:136] - INFO: | epoch   9 | step 5114 | batch  50/633 | lr 0.00005 | loss 0.2128 | s/batch 5.16
2021-10-15 23:19:40,562 - train.py[line:136] - INFO: | epoch   9 | step 5164 | batch 100/633 | lr 0.00005 | loss 0.2382 | s/batch 5.34
2021-10-15 23:23:03,366 - train.py[line:136] - INFO: | epoch   9 | step 5214 | batch 150/633 | lr 0.00005 | loss 0.2199 | s/batch 4.06
2021-10-15 23:27:39,197 - train.py[line:136] - INFO: | epoch   9 | step 5264 | batch 200/633 | lr 0.00005 | loss 0.2180 | s/batch 5.52
2021-10-15 23:32:40,632 - train.py[line:136] - INFO: | epoch   9 | step 5314 | batch 250/633 | lr 0.00005 | loss 0.2223 | s/batch 6.03
2021-10-15 23:36:46,370 - train.py[line:136] - INFO: | epoch   9 | step 5364 | batch 300/633 | lr 0.00005 | loss 0.2264 | s/batch 4.91
2021-10-15 23:40:36,144 - train.py[line:136] - INFO: | epoch   9 | step 5414 | batch 350/633 | lr 0.00005 | loss 0.2145 | s/batch 4.60
2021-10-15 23:44:40,064 - train.py[line:136] - INFO: | epoch   9 | step 5464 | batch 400/633 | lr 0.00005 | loss 0.2231 | s/batch 4.88
2021-10-15 23:48:21,565 - train.py[line:136] - INFO: | epoch   9 | step 5514 | batch 450/633 | lr 0.00005 | loss 0.2153 | s/batch 4.43
2021-10-15 23:52:08,556 - train.py[line:136] - INFO: | epoch   9 | step 5564 | batch 500/633 | lr 0.00005 | loss 0.2214 | s/batch 4.54
2021-10-15 23:56:23,213 - train.py[line:136] - INFO: | epoch   9 | step 5614 | batch 550/633 | lr 0.00005 | loss 0.2123 | s/batch 5.09
2021-10-16 00:00:26,252 - train.py[line:136] - INFO: | epoch   9 | step 5664 | batch 600/633 | lr 0.00005 | loss 0.2075 | s/batch 4.86
2021-10-16 00:03:16,208 - train.py[line:155] - INFO: | epoch   9 | score (92.1, 91.07, 91.57) | f1 91.57 | loss 0.2192 | time 3140.39
2021-10-16 00:03:16,457 - train.py[line:161] - INFO: 
              precision    recall  f1-score   support

          科技     0.9284    0.9309    0.9297     31524
          股票     0.9366    0.9432    0.9399     29926
          体育     0.9831    0.9842    0.9837     25454
          娱乐     0.9382    0.9494    0.9437     17928
          时政     0.8740    0.8971    0.8854     12163
          社会     0.8653    0.8610    0.8632      9908
          教育     0.9348    0.9278    0.9313      8088
          财经     0.8722    0.8222    0.8465      7161
          家居     0.9107    0.9034    0.9070      6356
          游戏     0.9158    0.8862    0.9007      4761
          房产     0.9786    0.9744    0.9765      3985
          时尚     0.8961    0.8872    0.8916      2536
          彩票     0.9458    0.8997    0.9222      1475
          星座     0.9141    0.8830    0.8983       735

    accuracy                         0.9293    162000
   macro avg     0.9210    0.9107    0.9157    162000
weighted avg     0.9292    0.9293    0.9292    162000

2021-10-16 00:03:16,458 - train.py[line:171] - INFO: Start testing(dev)...
2021-10-16 00:09:08,232 - train.py[line:201] - INFO: | epoch   9 | dev | score (93.43, 93.08, 93.22) | f1 93.22 | time 351.77
2021-10-16 00:09:08,262 - train.py[line:206] - INFO: 
              precision    recall  f1-score   support

          科技     0.9498    0.9349    0.9423      3502
          股票     0.9522    0.9531    0.9527      3325
          体育     0.9838    0.9848    0.9843      2828
          娱乐     0.9461    0.9603    0.9532      1992
          时政     0.8630    0.9230    0.8920      1351
          社会     0.8459    0.8774    0.8613      1101
          教育     0.9327    0.9244    0.9285       899
          财经     0.9168    0.8719    0.8938       796
          家居     0.9592    0.8980    0.9276       706
          游戏     0.9485    0.9055    0.9265       529
          房产     0.9888    0.9932    0.9910       443
          时尚     0.9427    0.9326    0.9376       282
          彩票     0.9444    0.9329    0.9387       164
          星座     0.9059    0.9390    0.9222        82

    accuracy                         0.9403     18000
   macro avg     0.9343    0.9308    0.9322     18000
weighted avg     0.9409    0.9403    0.9404     18000

2021-10-16 00:09:08,263 - train.py[line:65] - INFO: Exceed history dev = 93.15, current dev = 93.22
2021-10-16 00:13:20,628 - train.py[line:136] - INFO: | epoch  10 | step 5747 | batch  50/633 | lr 0.00005 | loss 0.2194 | s/batch 5.05
2021-10-16 00:17:49,770 - train.py[line:136] - INFO: | epoch  10 | step 5797 | batch 100/633 | lr 0.00005 | loss 0.2107 | s/batch 5.38
2021-10-16 00:22:03,411 - train.py[line:136] - INFO: | epoch  10 | step 5847 | batch 150/633 | lr 0.00005 | loss 0.2299 | s/batch 5.07
2021-10-16 00:26:03,440 - train.py[line:136] - INFO: | epoch  10 | step 5897 | batch 200/633 | lr 0.00005 | loss 0.2170 | s/batch 4.80
2021-10-16 00:30:41,771 - train.py[line:136] - INFO: | epoch  10 | step 5947 | batch 250/633 | lr 0.00005 | loss 0.2178 | s/batch 5.57
2021-10-16 00:35:08,509 - train.py[line:136] - INFO: | epoch  10 | step 5997 | batch 300/633 | lr 0.00005 | loss 0.2189 | s/batch 5.33
2021-10-16 00:39:21,883 - train.py[line:136] - INFO: | epoch  10 | step 6047 | batch 350/633 | lr 0.00004 | loss 0.2196 | s/batch 5.07
2021-10-16 00:43:11,833 - train.py[line:136] - INFO: | epoch  10 | step 6097 | batch 400/633 | lr 0.00004 | loss 0.2100 | s/batch 4.60
2021-10-16 00:47:09,737 - train.py[line:136] - INFO: | epoch  10 | step 6147 | batch 450/633 | lr 0.00004 | loss 0.1975 | s/batch 4.76
2021-10-16 00:51:06,759 - train.py[line:136] - INFO: | epoch  10 | step 6197 | batch 500/633 | lr 0.00004 | loss 0.2076 | s/batch 4.74
2021-10-16 00:55:23,886 - train.py[line:136] - INFO: | epoch  10 | step 6247 | batch 550/633 | lr 0.00004 | loss 0.2091 | s/batch 5.14
2021-10-16 00:59:17,891 - train.py[line:136] - INFO: | epoch  10 | step 6297 | batch 600/633 | lr 0.00004 | loss 0.1987 | s/batch 4.68
2021-10-16 01:01:58,372 - train.py[line:155] - INFO: | epoch  10 | score (92.32, 91.34, 91.82) | f1 91.82 | loss 0.2124 | time 3169.87
2021-10-16 01:01:58,631 - train.py[line:161] - INFO: 
              precision    recall  f1-score   support

          科技     0.9311    0.9330    0.9320     31524
          股票     0.9390    0.9467    0.9428     29926
          体育     0.9843    0.9846    0.9844     25454
          娱乐     0.9420    0.9530    0.9475     17928
          时政     0.8763    0.8996    0.8878     12163
          社会     0.8704    0.8652    0.8678      9908
          教育     0.9354    0.9263    0.9309      8088
          财经     0.8753    0.8295    0.8518      7161
          家居     0.9078    0.9045    0.9061      6356
          游戏     0.9183    0.8899    0.9039      4761
          房产     0.9827    0.9716    0.9772      3985
          时尚     0.8955    0.8782    0.8867      2536
          彩票     0.9395    0.9051    0.9220      1475
          星座     0.9272    0.9007    0.9137       735

    accuracy                         0.9316    162000
   macro avg     0.9232    0.9134    0.9182    162000
weighted avg     0.9315    0.9316    0.9315    162000

2021-10-16 01:01:58,634 - train.py[line:171] - INFO: Start testing(dev)...
2021-10-16 01:07:47,322 - train.py[line:201] - INFO: | epoch  10 | dev | score (93.68, 93.08, 93.36) | f1 93.36 | time 348.69
2021-10-16 01:07:47,352 - train.py[line:206] - INFO: 
              precision    recall  f1-score   support

          科技     0.9312    0.9546    0.9428      3502
          股票     0.9618    0.9456    0.9536      3325
          体育     0.9838    0.9866    0.9852      2828
          娱乐     0.9540    0.9583    0.9562      1992
          时政     0.8670    0.9267    0.8959      1351
          社会     0.8862    0.8556    0.8706      1101
          教育     0.9421    0.9232    0.9326       899
          财经     0.9133    0.8869    0.8999       796
          家居     0.9508    0.9037    0.9267       706
          游戏     0.9576    0.8960    0.9258       529
          房产     0.9932    0.9910    0.9921       443
          时尚     0.9204    0.9433    0.9317       282
          彩票     0.9387    0.9329    0.9358       164
          星座     0.9157    0.9268    0.9212        82

    accuracy                         0.9423     18000
   macro avg     0.9368    0.9308    0.9336     18000
weighted avg     0.9427    0.9423    0.9423     18000

2021-10-16 01:07:47,353 - train.py[line:65] - INFO: Exceed history dev = 93.22, current dev = 93.36
2021-10-16 01:07:47,532 - train.py[line:174] - INFO: Start testing(test)...
2021-10-16 01:24:09,480 - train.py[line:201] - INFO: | epoch  11 | dev | score (7.14, 1.42, 2.37) | f1 2.37 | time 981.95
2021-10-16 01:24:09,643 - train.py[line:177] - INFO: Start predicting...
